[Info]	2019-09-10 03:03:53	Setting PATH in 'Machine' scope: C:\Windows\system32;C:\Windows;C:\Windows\System32\Wbem;C:\Windows\System32\WindowsPowerShell\v1.0\;C:\Windows\System32\OpenSSH\;D:\pgm\Git\cmd;D:\pgm\VSCode\bin;D:\pgm\go\bin;
[Info]	2019-09-10 03:05:46	Setting PATH in 'Machine' scope: C:\Windows\system32;C:\Windows;C:\Windows\System32\Wbem;C:\Windows\System32\WindowsPowerShell\v1.0\;C:\Windows\System32\OpenSSH\;D:\pgm\Git\cmd;D:\pgm\VSCode\bin;D:\pgm\go\bin
[Info]	2019-09-10 03:09:28	Setting PATH in 'Machine' scope: C:\Windows\system32;C:\Windows;C:\Windows\System32\Wbem;C:\Windows\System32\WindowsPowerShell\v1.0\;C:\Windows\System32\OpenSSH\;D:\pgm\Git\cmd;D:\pgm\VSCode\bin;D:\pgm\go\bin
[Info]	2019-09-10 03:10:04	PATH environment variable in 'Machine' scope does not contain 'bin' directory: D:\xxx\bin
[Error]	2019-09-10 03:10:04	Missing logic to uninstall pgm directory: D:\xxx\pgm
[Info]	2019-09-10 03:15:13	PATH environment variable in 'Machine' scope does not contain 'bin' directory: D:\xxx\bin
[Info]	2019-09-10 03:15:13	Removing 'pgm' directory: D:\xxx\pgm
[Info]	2019-09-10 03:15:13	Removing 'dat' directory: D:\xxx\dat
[Error]	2019-09-10 03:15:13	Missing logic to uninstall dat directory: D:\xxx\dat
[Info]	2019-09-10 03:15:42	PATH environment variable in 'Machine' scope does not contain 'bin' directory: D:\xxx\bin
[Info]	2019-09-10 03:15:42	Removing 'dat' directory: D:\xxx\dat
[Info]	2019-09-10 03:15:42	'pgm' directory does not exist: D:\xxx\pgm
[Info]	2019-09-10 03:15:42	Removing 'bin' directory: D:\xxx\bin
[Error]	2019-09-10 03:15:42	Missing logic to uninstall bin directory: D:\xxx\bin
[Info]	2019-09-10 03:16:39	PATH environment variable in 'Machine' scope does not contain 'bin' directory: D:\xxx\bin
[Info]	2019-09-10 03:16:39	'pgm' directory does not exist: D:\xxx\pgm
[Info]	2019-09-10 03:16:39	Removing 'src' directory: D:\xxx\src
[Error]	2019-09-10 03:16:39	Missing logic to uninstall src directory: D:\xxx\src
[Info]	2019-09-10 03:17:38	PATH environment variable in 'Machine' scope does not contain 'bin' directory: D:\xxx\bin
[Info]	2019-09-10 03:17:38	'pgm' directory does not exist: D:\xxx\pgm
[Info]	2019-09-10 03:17:38	Removing 'tmp' directory: D:\xxx\tmp
[Error]	2019-09-10 03:17:38	Missing logic to uninstall tmp directory: D:\xxx\tmp
[Info]	2019-09-10 03:18:10	PATH environment variable in 'Machine' scope does not contain 'bin' directory: D:\xxx\bin
[Info]	2019-09-10 03:18:10	'dat' directory does not exist: D:\xxx\dat
[Info]	2019-09-10 03:18:10	Removing 'src' directory: D:\xxx\src
[Info]	2019-09-10 03:18:10	Removing 'bin' directory: D:\xxx\bin
[Info]	2019-09-10 03:18:10	'pgm' directory does not exist: D:\xxx\pgm
[Info]	2019-09-10 03:18:10	Removing 'tmp' directory: D:\xxx\tmp
[Info]	2019-09-10 03:18:10	Removing 'doc' directory: D:\xxx\doc
[Error]	2019-09-10 03:18:10	Missing logic to uninstall doc directory: D:\xxx\doc
[Info]	2019-09-10 03:18:43	PATH environment variable in 'Machine' scope does not contain 'bin' directory: D:\xxx\bin
[Info]	2019-09-10 03:18:43	'bin' directory does not exist: D:\xxx\bin
[Info]	2019-09-10 03:18:43	'dat' directory does not exist: D:\xxx\dat
[Info]	2019-09-10 03:18:43	'tmp' directory does not exist: D:\xxx\tmp
[Info]	2019-09-10 03:18:43	'pgm' directory does not exist: D:\xxx\pgm
[Info]	2019-09-10 03:18:43	Removing 'doc' directory: D:\xxx\doc
[Info]	2019-09-10 03:18:43	'src' directory does not exist: D:\xxx\src
[Info]	2019-09-10 03:23:55	PATH environment variable in 'Machine' scope does not contain 'bin' directory: D:\xxx\bin
[Info]	2019-09-10 03:23:55	'doc' directory does not exist: D:\xxx\doc
[Info]	2019-09-10 03:23:55	'bin' directory does not exist: D:\xxx\bin
[Info]	2019-09-10 03:23:55	'tmp' directory does not exist: D:\xxx\tmp
[Info]	2019-09-10 03:23:55	'pgm' directory does not exist: D:\xxx\pgm
[Info]	2019-09-10 03:23:55	'src' directory does not exist: D:\xxx\src
[Info]	2019-09-10 03:23:55	'dat' directory does not exist: D:\xxx\dat
[Info]	2019-09-10 03:23:55	Removing system root directory: D:\xxx
[Info]	2019-09-10 03:33:37	PATH environment variable in 'Machine' scope does not contain 'bin' directory: D:\xxx\bin
[Info]	2019-09-10 03:33:37	'tmp' directory does not exist: D:\xxx\tmp
[Info]	2019-09-10 03:33:37	'bin' directory does not exist: D:\xxx\bin
[Info]	2019-09-10 03:33:37	'pgm' directory does not exist: D:\xxx\pgm
[Info]	2019-09-10 03:33:37	'dat' directory does not exist: D:\xxx\dat
[Info]	2019-09-10 03:33:37	'doc' directory does not exist: D:\xxx\doc
[Info]	2019-09-10 03:33:37	'src' directory does not exist: D:\xxx\src
[Info]	2019-09-10 03:33:37	System root directory already removed: D:\xxx
[Info]	2019-09-10 03:34:24	PATH environment variable in 'Machine' scope does not contain 'bin' directory: D:\xxx\bin
[Info]	2019-09-10 03:34:24	'bin' directory does not exist: D:\xxx\bin
[Info]	2019-09-10 03:34:24	'doc' directory does not exist: D:\xxx\doc
[Info]	2019-09-10 03:34:24	'tmp' directory does not exist: D:\xxx\tmp
[Info]	2019-09-10 03:34:24	'pgm' directory does not exist: D:\xxx\pgm
[Info]	2019-09-10 03:34:24	'dat' directory does not exist: D:\xxx\dat
[Info]	2019-09-10 03:34:24	'src' directory does not exist: D:\xxx\src
[Info]	2019-09-10 03:34:24	System root directory already removed: D:\xxx
[Info]	2019-09-10 03:34:24	Environment variable JDP_SYSTEM_ROOT in scope Machine does not exist.
